{
"contracts/Erc20Auction.sol":{"l":{"12":6,"16":1,"20":2,"21":2,"25":1},"path":"/Users/abhaydeshpande/Desktop/info7500-assignments/v3.0/contracts/Erc20Auction.sol","s":{"1":1,"2":2,"3":1},"b":{"1":[1,1]},"f":{"1":6,"2":1,"3":2},"fnMap":{"1":{"name":"constructor","line":11,"loc":{"start":{"line":11,"column":4},"end":{"line":13,"column":4}}},"2":{"name":"getMaxSupply","line":15,"loc":{"start":{"line":15,"column":4},"end":{"line":17,"column":4}}},"3":{"name":"mint","line":19,"loc":{"start":{"line":19,"column":4},"end":{"line":26,"column":4}}}},"statementMap":{"1":{"start":{"line":16,"column":8},"end":{"line":16,"column":24}},"2":{"start":{"line":21,"column":8},"end":{"line":21,"column":611}},"3":{"start":{"line":25,"column":8},"end":{"line":25,"column":24}}},"branchMap":{"1":{"line":21,"type":"if","locations":[{"start":{"line":21,"column":8},"end":{"line":21,"column":8}},{"start":{"line":21,"column":8},"end":{"line":21,"column":8}}]}}},
"contracts/NFTDutchAuction_ERC20Bids.sol":{"l":{"36":3,"37":3,"38":3,"39":3,"40":3,"41":3,"42":3,"43":3,"44":3,"45":3,"46":3,"50":3,"51":3,"53":3,"54":3,"58":2,"59":2,"60":2,"62":1,"72":2,"73":2,"78":2,"79":2},"path":"/Users/abhaydeshpande/Desktop/info7500-assignments/v3.0/contracts/NFTDutchAuction_ERC20Bids.sol","s":{"1":2,"2":2,"3":2,"4":2,"5":2,"6":2},"b":{"1":[2,0],"2":[2,0],"3":[2,0]},"f":{"1":3,"2":2,"3":2},"fnMap":{"1":{"name":"constructor","line":28,"loc":{"start":{"line":28,"column":4},"end":{"line":55,"column":4}}},"2":{"name":"bid","line":57,"loc":{"start":{"line":57,"column":4},"end":{"line":63,"column":4}}},"3":{"name":"updatePrice","line":71,"loc":{"start":{"line":71,"column":4},"end":{"line":80,"column":4}}}},"statementMap":{"1":{"start":{"line":58,"column":8},"end":{"line":58,"column":72}},"2":{"start":{"line":59,"column":8},"end":{"line":59,"column":68}},"3":{"start":{"line":60,"column":8},"end":{"line":60,"column":63}},"4":{"start":{"line":72,"column":8},"end":{"line":72,"column":2505}},"5":{"start":{"line":78,"column":8},"end":{"line":78,"column":53}},"6":{"start":{"line":79,"column":8},"end":{"line":79,"column":27}}},"branchMap":{"1":{"line":58,"type":"if","locations":[{"start":{"line":58,"column":8},"end":{"line":58,"column":8}},{"start":{"line":58,"column":8},"end":{"line":58,"column":8}}]},"2":{"line":59,"type":"if","locations":[{"start":{"line":59,"column":8},"end":{"line":59,"column":8}},{"start":{"line":59,"column":8},"end":{"line":59,"column":8}}]},"3":{"line":72,"type":"if","locations":[{"start":{"line":72,"column":8},"end":{"line":72,"column":8}},{"start":{"line":72,"column":8},"end":{"line":72,"column":8}}]}}},
"contracts/NftMintAuction.sol":{"l":{"12":3,"13":3,"17":2,"18":2,"19":2,"20":2},"path":"/Users/abhaydeshpande/Desktop/info7500-assignments/v3.0/contracts/NftMintAuction.sol","s":{"1":2,"2":2},"b":{"1":[2,0]},"f":{"1":3,"2":2},"fnMap":{"1":{"name":"constructor","line":11,"loc":{"start":{"line":11,"column":4},"end":{"line":14,"column":4}}},"2":{"name":"safeMint","line":16,"loc":{"start":{"line":16,"column":4},"end":{"line":21,"column":4}}}},"statementMap":{"1":{"start":{"line":17,"column":8},"end":{"line":17,"column":75}},"2":{"start":{"line":18,"column":8},"end":{"line":18,"column":29}}},"branchMap":{"1":{"line":17,"type":"if","locations":[{"start":{"line":17,"column":8},"end":{"line":17,"column":8}},{"start":{"line":17,"column":8},"end":{"line":17,"column":8}}]}}}}
