TN:
SF:/Users/abhaydeshpande/Desktop/info7500-assignments/v3.0/contracts/Erc20Auction.sol
FN:11,constructor
FN:15,getMaxSupply
FN:19,mint
FNF:3
FNH:3
FNDA:6,constructor
FNDA:1,getMaxSupply
FNDA:2,mint
DA:12,6
DA:16,1
DA:20,2
DA:21,2
DA:25,1
LF:5
LH:5
BRDA:21,1,0,1
BRDA:21,1,1,1
BRF:2
BRH:2
end_of_record
TN:
SF:/Users/abhaydeshpande/Desktop/info7500-assignments/v3.0/contracts/NFTDutchAuction_ERC20Bids.sol
FN:28,constructor
FN:57,bid
FN:71,updatePrice
FNF:3
FNH:3
FNDA:3,constructor
FNDA:2,bid
FNDA:2,updatePrice
DA:36,3
DA:37,3
DA:38,3
DA:39,3
DA:40,3
DA:41,3
DA:42,3
DA:43,3
DA:44,3
DA:45,3
DA:46,3
DA:50,3
DA:51,3
DA:53,3
DA:54,3
DA:58,2
DA:59,2
DA:60,2
DA:62,1
DA:72,2
DA:73,2
DA:78,2
DA:79,2
LF:23
LH:23
BRDA:58,1,0,2
BRDA:58,1,1,0
BRDA:59,2,0,2
BRDA:59,2,1,0
BRDA:72,3,0,2
BRDA:72,3,1,0
BRF:6
BRH:3
end_of_record
TN:
SF:/Users/abhaydeshpande/Desktop/info7500-assignments/v3.0/contracts/NftMintAuction.sol
FN:11,constructor
FN:16,safeMint
FNF:2
FNH:2
FNDA:3,constructor
FNDA:2,safeMint
DA:12,3
DA:13,3
DA:17,2
DA:18,2
DA:19,2
DA:20,2
LF:6
LH:6
BRDA:17,1,0,2
BRDA:17,1,1,0
BRF:2
BRH:1
end_of_record
