TN:
SF:/Users/abhaydeshpande/Desktop/info7500-assignments/v5.0/contracts/Erc20Auction.sol
FN:12,constructor
FN:17,mint
FNF:2
FNH:2
FNDA:6,constructor
FNDA:2,mint
DA:13,6
DA:18,2
DA:19,2
DA:23,1
LF:4
LH:4
BRDA:19,1,0,1
BRDA:19,1,1,1
BRF:2
BRH:2
end_of_record
TN:
SF:/Users/abhaydeshpande/Desktop/info7500-assignments/v5.0/contracts/NFTDutchAuction_ERC20Bids.sol
FN:52,initialize
FN:78,_authorizeUpgrade
FN:80,bid
FN:95,updatePrice
FNF:4
FNH:3
FNDA:3,initialize
FNDA:0,_authorizeUpgrade
FNDA:1,bid
FNDA:1,updatePrice
DA:53,3
DA:54,3
DA:55,3
DA:56,3
DA:57,3
DA:58,3
DA:59,3
DA:60,3
DA:61,3
DA:62,3
DA:63,3
DA:64,3
DA:65,3
DA:69,3
DA:70,3
DA:72,3
DA:73,3
DA:81,1
DA:82,1
DA:83,1
DA:84,1
DA:85,0
DA:86,0
DA:96,1
DA:97,1
DA:102,1
DA:103,1
LF:27
LH:25
BRDA:52,1,0,3
BRDA:52,1,1,0
BRDA:78,2,0,0
BRDA:78,2,1,0
BRDA:81,3,0,1
BRDA:81,3,1,0
BRDA:82,4,0,1
BRDA:82,4,1,0
BRDA:83,5,0,1
BRDA:83,5,1,0
BRDA:96,6,0,1
BRDA:96,6,1,0
BRF:12
BRH:5
end_of_record
TN:
SF:/Users/abhaydeshpande/Desktop/info7500-assignments/v5.0/contracts/NftMintAuction.sol
FN:11,constructor
FN:16,safeMint
FNF:2
FNH:2
FNDA:3,constructor
FNDA:3,safeMint
DA:12,3
DA:13,3
DA:17,3
DA:18,2
DA:19,2
DA:20,2
LF:6
LH:6
BRDA:17,1,0,2
BRDA:17,1,1,1
BRF:2
BRH:2
end_of_record
