{"contracts/Erc20Auction.sol":{"l":{"13":6,"18":2,"19":2,"23":1},"path":"/Users/abhaydeshpande/Desktop/info7500-assignments/v5.0/contracts/Erc20Auction.sol","s":{"1":2,"2":1},"b":{"1":[1,1]},"f":{"1":6,"2":2},"fnMap":{"1":{"name":"constructor","line":12,"loc":{"start":{"line":12,"column":4},"end":{"line":14,"column":4}}},"2":{"name":"mint","line":17,"loc":{"start":{"line":17,"column":4},"end":{"line":24,"column":4}}}},"statementMap":{"1":{"start":{"line":19,"column":8},"end":{"line":19,"column":638}},"2":{"start":{"line":23,"column":8},"end":{"line":23,"column":24}}},"branchMap":{"1":{"line":19,"type":"if","locations":[{"start":{"line":19,"column":8},"end":{"line":19,"column":8}},{"start":{"line":19,"column":8},"end":{"line":19,"column":8}}]}}},"contracts/NFTDutchAuction_ERC20Bids.sol":{"l":{"53":3,"54":3,"55":3,"56":3,"57":3,"58":3,"59":3,"60":3,"61":3,"62":3,"63":3,"64":3,"65":3,"69":3,"70":3,"72":3,"73":3,"81":1,"82":1,"83":1,"84":1,"85":0,"86":0,"96":1,"97":1,"102":1,"103":1},"path":"/Users/abhaydeshpande/Desktop/info7500-assignments/v5.0/contracts/NFTDutchAuction_ERC20Bids.sol","s":{"1":3,"2":3,"3":1,"4":1,"5":1,"6":1,"7":0,"8":1,"9":1,"10":1},"b":{"1":[3,0],"2":[0,0],"3":[1,0],"4":[1,0],"5":[1,0],"6":[1,0]},"f":{"1":3,"2":0,"3":1,"4":1},"fnMap":{"1":{"name":"initialize","line":52,"loc":{"start":{"line":45,"column":4},"end":{"line":74,"column":4}}},"2":{"name":"_authorizeUpgrade","line":78,"loc":{"start":{"line":76,"column":4},"end":{"line":78,"column":35}}},"3":{"name":"bid","line":80,"loc":{"start":{"line":80,"column":4},"end":{"line":87,"column":4}}},"4":{"name":"updatePrice","line":95,"loc":{"start":{"line":95,"column":4},"end":{"line":104,"column":4}}}},"statementMap":{"1":{"start":{"line":53,"column":8},"end":{"line":53,"column":23}},"2":{"start":{"line":54,"column":8},"end":{"line":54,"column":31}},"3":{"start":{"line":81,"column":8},"end":{"line":81,"column":72}},"4":{"start":{"line":82,"column":8},"end":{"line":82,"column":68}},"5":{"start":{"line":83,"column":8},"end":{"line":83,"column":56}},"6":{"start":{"line":84,"column":8},"end":{"line":84,"column":68}},"7":{"start":{"line":85,"column":8},"end":{"line":85,"column":71}},"8":{"start":{"line":96,"column":8},"end":{"line":96,"column":3183}},"9":{"start":{"line":102,"column":8},"end":{"line":102,"column":53}},"10":{"start":{"line":103,"column":8},"end":{"line":103,"column":27}}},"branchMap":{"1":{"line":52,"type":"if","locations":[{"start":{"line":52,"column":13},"end":{"line":52,"column":13}},{"start":{"line":52,"column":13},"end":{"line":52,"column":13}}]},"2":{"line":78,"type":"if","locations":[{"start":{"line":78,"column":24},"end":{"line":78,"column":24}},{"start":{"line":78,"column":24},"end":{"line":78,"column":24}}]},"3":{"line":81,"type":"if","locations":[{"start":{"line":81,"column":8},"end":{"line":81,"column":8}},{"start":{"line":81,"column":8},"end":{"line":81,"column":8}}]},"4":{"line":82,"type":"if","locations":[{"start":{"line":82,"column":8},"end":{"line":82,"column":8}},{"start":{"line":82,"column":8},"end":{"line":82,"column":8}}]},"5":{"line":83,"type":"if","locations":[{"start":{"line":83,"column":8},"end":{"line":83,"column":8}},{"start":{"line":83,"column":8},"end":{"line":83,"column":8}}]},"6":{"line":96,"type":"if","locations":[{"start":{"line":96,"column":8},"end":{"line":96,"column":8}},{"start":{"line":96,"column":8},"end":{"line":96,"column":8}}]}}},"contracts/NftMintAuction.sol":{"l":{"12":3,"13":3,"17":3,"18":2,"19":2,"20":2},"path":"/Users/abhaydeshpande/Desktop/info7500-assignments/v5.0/contracts/NftMintAuction.sol","s":{"1":3,"2":2},"b":{"1":[2,1]},"f":{"1":3,"2":3},"fnMap":{"1":{"name":"constructor","line":11,"loc":{"start":{"line":11,"column":4},"end":{"line":14,"column":4}}},"2":{"name":"safeMint","line":16,"loc":{"start":{"line":16,"column":4},"end":{"line":21,"column":4}}}},"statementMap":{"1":{"start":{"line":17,"column":8},"end":{"line":17,"column":75}},"2":{"start":{"line":18,"column":8},"end":{"line":18,"column":29}}},"branchMap":{"1":{"line":17,"type":"if","locations":[{"start":{"line":17,"column":8},"end":{"line":17,"column":8}},{"start":{"line":17,"column":8},"end":{"line":17,"column":8}}]}}}}