{"contracts/BasicDutchAuction.sol":{"l":{"21":9,"22":9,"23":9,"24":9,"25":9,"26":9,"27":9,"31":9,"32":9,"33":9,"34":9,"38":3,"39":3,"40":3,"41":3,"42":3,"52":3,"53":3,"58":3},"path":"/Users/abhaydeshpande/Desktop/info7500-assignments/v6.0/contracts/BasicDutchAuction.sol","s":{"1":9,"2":9,"3":9,"4":9,"5":9,"6":9,"7":9,"8":9,"9":9,"10":9,"11":9,"12":3,"13":3,"14":3,"15":3,"16":3,"17":3,"18":3,"19":3},"b":{"1":[3,0],"2":[3,0],"3":[3,0]},"f":{"1":9,"2":3,"3":3},"fnMap":{"1":{"name":"constructor","line":16,"loc":{"start":{"line":16,"column":4},"end":{"line":35,"column":4}}},"2":{"name":"bid","line":37,"loc":{"start":{"line":37,"column":4},"end":{"line":43,"column":4}}},"3":{"name":"updatePrice","line":51,"loc":{"start":{"line":51,"column":4},"end":{"line":59,"column":4}}}},"statementMap":{"1":{"start":{"line":21,"column":8},"end":{"line":21,"column":34}},"2":{"start":{"line":22,"column":8},"end":{"line":22,"column":34}},"3":{"start":{"line":23,"column":8},"end":{"line":23,"column":35}},"4":{"start":{"line":24,"column":8},"end":{"line":24,"column":35}},"5":{"start":{"line":25,"column":8},"end":{"line":25,"column":49}},"6":{"start":{"line":26,"column":8},"end":{"line":26,"column":51}},"7":{"start":{"line":27,"column":8},"end":{"line":27,"column":851}},"8":{"start":{"line":31,"column":8},"end":{"line":31,"column":34}},"9":{"start":{"line":32,"column":8},"end":{"line":32,"column":27}},"10":{"start":{"line":33,"column":8},"end":{"line":33,"column":60}},"11":{"start":{"line":34,"column":8},"end":{"line":34,"column":35}},"12":{"start":{"line":38,"column":8},"end":{"line":38,"column":72}},"13":{"start":{"line":39,"column":8},"end":{"line":39,"column":65}},"14":{"start":{"line":40,"column":8},"end":{"line":40,"column":33}},"15":{"start":{"line":41,"column":8},"end":{"line":41,"column":35}},"16":{"start":{"line":42,"column":8},"end":{"line":42,"column":26}},"17":{"start":{"line":52,"column":8},"end":{"line":52,"column":1715}},"18":{"start":{"line":53,"column":12},"end":{"line":53,"column":1821}},"19":{"start":{"line":58,"column":8},"end":{"line":58,"column":27}}},"branchMap":{"1":{"line":38,"type":"if","locations":[{"start":{"line":38,"column":8},"end":{"line":38,"column":8}},{"start":{"line":38,"column":8},"end":{"line":38,"column":8}}]},"2":{"line":39,"type":"if","locations":[{"start":{"line":39,"column":8},"end":{"line":39,"column":8}},{"start":{"line":39,"column":8},"end":{"line":39,"column":8}}]},"3":{"line":52,"type":"if","locations":[{"start":{"line":52,"column":8},"end":{"line":52,"column":8}},{"start":{"line":52,"column":8},"end":{"line":52,"column":8}}]}}}}