{"contracts/Erc20Auction.sol":{"l":{"12":6,"16":1,"20":3,"21":3,"25":2},"path":"/Users/abhaydeshpande/Desktop/info7500-assignments/v4.0/contracts/Erc20Auction.sol","s":{"1":1,"2":3,"3":2},"b":{"1":[2,1]},"f":{"1":6,"2":1,"3":3},"fnMap":{"1":{"name":"constructor","line":11,"loc":{"start":{"line":11,"column":4},"end":{"line":13,"column":4}}},"2":{"name":"getMaxSupply","line":15,"loc":{"start":{"line":15,"column":4},"end":{"line":17,"column":4}}},"3":{"name":"mint","line":19,"loc":{"start":{"line":19,"column":4},"end":{"line":26,"column":4}}}},"statementMap":{"1":{"start":{"line":16,"column":8},"end":{"line":16,"column":24}},"2":{"start":{"line":21,"column":8},"end":{"line":21,"column":611}},"3":{"start":{"line":25,"column":8},"end":{"line":25,"column":24}}},"branchMap":{"1":{"line":21,"type":"if","locations":[{"start":{"line":21,"column":8},"end":{"line":21,"column":8}},{"start":{"line":21,"column":8},"end":{"line":21,"column":8}}]}}},"contracts/NFTDutchAuction_ERC20Bids.sol":{"l":{"53":3,"54":3,"55":3,"56":3,"57":3,"58":3,"59":3,"60":3,"61":3,"62":3,"63":3,"64":3,"65":3,"69":3,"70":3,"72":3,"73":3,"81":2,"82":2,"83":2,"84":2,"85":1,"86":1,"88":0,"98":2,"99":2,"104":2,"105":2},"path":"/Users/abhaydeshpande/Desktop/info7500-assignments/v4.0/contracts/NFTDutchAuction_ERC20Bids.sol","s":{"1":3,"2":3,"3":2,"4":2,"5":2,"6":2,"7":1,"8":1,"9":2,"10":2,"11":2},"b":{"1":[3,0],"2":[0,0],"3":[2,0],"4":[2,0],"5":[2,0],"6":[2,0]},"f":{"1":3,"2":0,"3":2,"4":2},"fnMap":{"1":{"name":"initialize","line":52,"loc":{"start":{"line":45,"column":4},"end":{"line":74,"column":4}}},"2":{"name":"_authorizeUpgrade","line":78,"loc":{"start":{"line":76,"column":4},"end":{"line":78,"column":35}}},"3":{"name":"bid","line":80,"loc":{"start":{"line":80,"column":4},"end":{"line":89,"column":4}}},"4":{"name":"updatePrice","line":97,"loc":{"start":{"line":97,"column":4},"end":{"line":106,"column":4}}}},"statementMap":{"1":{"start":{"line":53,"column":8},"end":{"line":53,"column":23}},"2":{"start":{"line":54,"column":8},"end":{"line":54,"column":31}},"3":{"start":{"line":81,"column":8},"end":{"line":81,"column":72}},"4":{"start":{"line":82,"column":8},"end":{"line":82,"column":68}},"5":{"start":{"line":83,"column":8},"end":{"line":83,"column":56}},"6":{"start":{"line":84,"column":8},"end":{"line":84,"column":68}},"7":{"start":{"line":85,"column":8},"end":{"line":85,"column":39}},"8":{"start":{"line":86,"column":8},"end":{"line":86,"column":71}},"9":{"start":{"line":98,"column":8},"end":{"line":98,"column":3266}},"10":{"start":{"line":104,"column":8},"end":{"line":104,"column":53}},"11":{"start":{"line":105,"column":8},"end":{"line":105,"column":27}}},"branchMap":{"1":{"line":52,"type":"if","locations":[{"start":{"line":52,"column":13},"end":{"line":52,"column":13}},{"start":{"line":52,"column":13},"end":{"line":52,"column":13}}]},"2":{"line":78,"type":"if","locations":[{"start":{"line":78,"column":24},"end":{"line":78,"column":24}},{"start":{"line":78,"column":24},"end":{"line":78,"column":24}}]},"3":{"line":81,"type":"if","locations":[{"start":{"line":81,"column":8},"end":{"line":81,"column":8}},{"start":{"line":81,"column":8},"end":{"line":81,"column":8}}]},"4":{"line":82,"type":"if","locations":[{"start":{"line":82,"column":8},"end":{"line":82,"column":8}},{"start":{"line":82,"column":8},"end":{"line":82,"column":8}}]},"5":{"line":83,"type":"if","locations":[{"start":{"line":83,"column":8},"end":{"line":83,"column":8}},{"start":{"line":83,"column":8},"end":{"line":83,"column":8}}]},"6":{"line":98,"type":"if","locations":[{"start":{"line":98,"column":8},"end":{"line":98,"column":8}},{"start":{"line":98,"column":8},"end":{"line":98,"column":8}}]}}},"contracts/NftMintAuction.sol":{"l":{"12":3,"13":3,"17":1,"18":1,"19":1,"20":1},"path":"/Users/abhaydeshpande/Desktop/info7500-assignments/v4.0/contracts/NftMintAuction.sol","s":{"1":1,"2":1},"b":{"1":[1,0]},"f":{"1":3,"2":1},"fnMap":{"1":{"name":"constructor","line":11,"loc":{"start":{"line":11,"column":4},"end":{"line":14,"column":4}}},"2":{"name":"safeMint","line":16,"loc":{"start":{"line":16,"column":4},"end":{"line":21,"column":4}}}},"statementMap":{"1":{"start":{"line":17,"column":8},"end":{"line":17,"column":75}},"2":{"start":{"line":18,"column":8},"end":{"line":18,"column":29}}},"branchMap":{"1":{"line":17,"type":"if","locations":[{"start":{"line":17,"column":8},"end":{"line":17,"column":8}},{"start":{"line":17,"column":8},"end":{"line":17,"column":8}}]}}}}