TN:
SF:/Users/abhaydeshpande/Desktop/info7500-assignments/v4.0/contracts/Erc20Auction.sol
FN:11,constructor
FN:15,getMaxSupply
FN:19,mint
FNF:3
FNH:3
FNDA:6,constructor
FNDA:1,getMaxSupply
FNDA:3,mint
DA:12,6
DA:16,1
DA:20,3
DA:21,3
DA:25,2
LF:5
LH:5
BRDA:21,1,0,2
BRDA:21,1,1,1
BRF:2
BRH:2
end_of_record
TN:
SF:/Users/abhaydeshpande/Desktop/info7500-assignments/v4.0/contracts/NFTDutchAuction_ERC20Bids.sol
FN:52,initialize
FN:78,_authorizeUpgrade
FN:80,bid
FN:97,updatePrice
FNF:4
FNH:3
FNDA:3,initialize
FNDA:0,_authorizeUpgrade
FNDA:2,bid
FNDA:2,updatePrice
DA:53,3
DA:54,3
DA:55,3
DA:56,3
DA:57,3
DA:58,3
DA:59,3
DA:60,3
DA:61,3
DA:62,3
DA:63,3
DA:64,3
DA:65,3
DA:69,3
DA:70,3
DA:72,3
DA:73,3
DA:81,2
DA:82,2
DA:83,2
DA:84,2
DA:85,1
DA:86,1
DA:88,0
DA:98,2
DA:99,2
DA:104,2
DA:105,2
LF:28
LH:27
BRDA:52,1,0,3
BRDA:52,1,1,0
BRDA:78,2,0,0
BRDA:78,2,1,0
BRDA:81,3,0,2
BRDA:81,3,1,0
BRDA:82,4,0,2
BRDA:82,4,1,0
BRDA:83,5,0,2
BRDA:83,5,1,0
BRDA:98,6,0,2
BRDA:98,6,1,0
BRF:12
BRH:5
end_of_record
TN:
SF:/Users/abhaydeshpande/Desktop/info7500-assignments/v4.0/contracts/NftMintAuction.sol
FN:11,constructor
FN:16,safeMint
FNF:2
FNH:2
FNDA:3,constructor
FNDA:1,safeMint
DA:12,3
DA:13,3
DA:17,1
DA:18,1
DA:19,1
DA:20,1
LF:6
LH:6
BRDA:17,1,0,1
BRDA:17,1,1,0
BRF:2
BRH:1
end_of_record
