{
"contracts/BasicDutchAuction.sol":{"l":{"23":12,"24":12,"25":12,"26":12,"27":12,"28":12,"29":12,"33":12,"34":12,"35":12,"36":12,"41":3,"42":3,"43":3,"44":3,"54":3,"55":3,"60":3,"64":1,"68":0},"path":"/Users/abhaydeshpande/Desktop/info7500-assignments/v7.0/contracts/BasicDutchAuction.sol","s":{"1":12,"2":12,"3":12,"4":12,"5":12,"6":12,"7":12,"8":12,"9":12,"10":12,"11":12,"12":3,"13":3,"14":3,"15":3,"16":3,"17":3,"18":3,"19":1,"20":0},"b":{"1":[3,0],"2":[3,0]},"f":{"1":12,"2":3,"3":3,"4":1,"5":0},"fnMap":{"1":{"name":"constructor","line":18,"loc":{"start":{"line":18,"column":4},"end":{"line":37,"column":4}}},"2":{"name":"bid","line":39,"loc":{"start":{"line":39,"column":4},"end":{"line":45,"column":4}}},"3":{"name":"updatePrice","line":53,"loc":{"start":{"line":53,"column":4},"end":{"line":61,"column":4}}},"4":{"name":"getCurrentPrice","line":63,"loc":{"start":{"line":63,"column":4},"end":{"line":65,"column":4}}},"5":{"name":"getWinner","line":67,"loc":{"start":{"line":67,"column":4},"end":{"line":69,"column":4}}}},"statementMap":{"1":{"start":{"line":23,"column":8},"end":{"line":23,"column":34}},"2":{"start":{"line":24,"column":8},"end":{"line":24,"column":34}},"3":{"start":{"line":25,"column":8},"end":{"line":25,"column":35}},"4":{"start":{"line":26,"column":8},"end":{"line":26,"column":35}},"5":{"start":{"line":27,"column":8},"end":{"line":27,"column":49}},"6":{"start":{"line":28,"column":8},"end":{"line":28,"column":51}},"7":{"start":{"line":29,"column":8},"end":{"line":29,"column":906}},"8":{"start":{"line":33,"column":8},"end":{"line":33,"column":34}},"9":{"start":{"line":34,"column":8},"end":{"line":34,"column":27}},"10":{"start":{"line":35,"column":8},"end":{"line":35,"column":60}},"11":{"start":{"line":36,"column":8},"end":{"line":36,"column":35}},"12":{"start":{"line":41,"column":8},"end":{"line":41,"column":65}},"13":{"start":{"line":42,"column":8},"end":{"line":42,"column":33}},"14":{"start":{"line":43,"column":8},"end":{"line":43,"column":35}},"15":{"start":{"line":44,"column":8},"end":{"line":44,"column":26}},"16":{"start":{"line":54,"column":8},"end":{"line":54,"column":1773}},"17":{"start":{"line":55,"column":12},"end":{"line":55,"column":1879}},"18":{"start":{"line":60,"column":8},"end":{"line":60,"column":27}},"19":{"start":{"line":64,"column":8},"end":{"line":64,"column":27}},"20":{"start":{"line":68,"column":8},"end":{"line":68,"column":21}}},"branchMap":{"1":{"line":41,"type":"if","locations":[{"start":{"line":41,"column":8},"end":{"line":41,"column":8}},{"start":{"line":41,"column":8},"end":{"line":41,"column":8}}]},"2":{"line":54,"type":"if","locations":[{"start":{"line":54,"column":8},"end":{"line":54,"column":8}},{"start":{"line":54,"column":8},"end":{"line":54,"column":8}}]}}}}
