TN:
SF:/Users/abhaydeshpande/Desktop/info7500-assignments/v7.0/contracts/BasicDutchAuction.sol
FN:18,constructor
FN:39,bid
FN:53,updatePrice
FN:63,getCurrentPrice
FN:67,getWinner
FNF:5
FNH:4
FNDA:12,constructor
FNDA:3,bid
FNDA:3,updatePrice
FNDA:1,getCurrentPrice
FNDA:0,getWinner
DA:23,12
DA:24,12
DA:25,12
DA:26,12
DA:27,12
DA:28,12
DA:29,12
DA:33,12
DA:34,12
DA:35,12
DA:36,12
DA:41,3
DA:42,3
DA:43,3
DA:44,3
DA:54,3
DA:55,3
DA:60,3
DA:64,1
DA:68,0
LF:20
LH:19
BRDA:41,1,0,3
BRDA:41,1,1,0
BRDA:54,2,0,3
BRDA:54,2,1,0
BRF:4
BRH:2
end_of_record
